[handleMsg]:  {
  id: 'false_593988949117@c.us_3EB0AA085F5DD1D4F9B092',
  body: 'hola',
  type: 'chat',
  t: 1682178468,
  notifyName: 'John Palacios',
  from: '593988949117',
  to: '593988936995@c.us',
  self: 'in',
  ack: 1,
  isNewMsg: true,
  star: false,
  kicNotified: false,
  recvFresh: true,
  isFromTemplate: false,
  pollInvalidated: false,
  isSentCagPollCreation: false,
  latestEditMsgKey: null,
  latestEditSenderTimestampMs: null,
  broadcast: false,
  mentionedJidList: [],
  groupMentions: [],
  isVcardOverMmsDocument: false,
  isForwarded: false,
  hasReaction: false,
  productHeaderImageRejected: false,
  lastPlaybackProgress: 0,
  isDynamicReplyButtonsMsg: false,
  isMdHistoryMsg: false,
  stickerSentTs: 0,
  isAvatar: false,
  requiresDirectConnection: false,
  chatId: '593988949117@c.us',
  fromMe: false,
  sender: {
    id: '593988949117@c.us',
    pushname: 'John Palacios',
    type: 'in',
    verifiedName: 'John Palacios',
    isBusiness: true,
    isEnterprise: false,
    isSmb: true,
    verifiedLevel: 0,
    privacyMode: null,
    isContactSyncCompleted: 1,
    disappearingModeDuration: 0,
    disappearingModeSettingTimestamp: 1680718704,
    formattedName: '+593 98 894 9117',
    displayName: '+593 98 894 9117',
    formattedShortName: '+593 98 894 9117',
    formattedShortNameWithNonBreakingSpaces: '+593 98 894 9117',
    isMe: false,
    mentionName: null,
    notifyName: 'John Palacios',
    isMyContact: false,
    isPSA: false,
    isUser: true,
    isWAContact: true,
    profilePicThumbObj: {},
    msgs: null
  },
  timestamp: 1682178468,
  content: 'hola',
  chat: {},
  mediaData: {}
}
